
                     __     _
   ____  __  _______/ /__  (_)
  / __ \/ / / / ___/ / _ \/ /
 / / / / /_/ / /__/ /  __/ /
/_/ /_/\__,_/\___/_/\___/_/   v3.6.1

		projectdiscovery.io

[[34mINF[0m] Adjusting max-host-error to the concurrency value: 5
[[31mWRN[0m] Found 1 templates with runtime error (use -validate flag for further examination)
[[34mINF[0m] Current nuclei version: v3.6.1 ([91moutdated[0m)
[[34mINF[0m] Current nuclei-templates version: v10.3.6 ([92mlatest[0m)
[[34mINF[0m] New templates added in latest release: 176
[[34mINF[0m] Templates loaded for current scan: 5586
[[34mINF[0m] Executing 5585 signed templates from projectdiscovery/nuclei-templates
[[34mINF[0m] Scan completed in 137.929898ms. No results found.
2026-01-06 13:15:09 [INFO] Minimal recon mode: building live.txt for aruba
2026-01-06 13:15:09 [INFO] Quick recon for aruba -> scope + subfinder + httpx
2026-01-06 13:15:09 [INFO] Extracting Bugcrowd scope from https://bugcrowd.com/aruba
2026-01-06 13:15:10 [WARN] Using Aruba hardcoded scope
2026-01-06 13:15:10 [INFO] Scope ready: 5 targets
2026-01-06 13:15:10 [INFO] Scope entries: 5
2026-01-06 13:15:54 [INFO] Subdomains found: 1964
2026-01-06 13:21:20 [INFO] Live hosts written to /home/joandarc/bb-wizard/projects/aruba/recon/live.txt: 323
2026-01-06 13:21:20 [INFO] Starting surgical nuclei scan for aruba (323 live hosts)

                     __     _
   ____  __  _______/ /__  (_)
  / __ \/ / / / ___/ / _ \/ /
 / / / / /_/ / /__/ /  __/ /
/_/ /_/\__,_/\___/_/\___/_/   v3.6.1

		projectdiscovery.io

[[34mINF[0m] Adjusting max-host-error to the concurrency value: 5
[[31mWRN[0m] Found 1 templates with runtime error (use -validate flag for further examination)
[[34mINF[0m] Current nuclei version: v3.6.1 ([91moutdated[0m)
[[34mINF[0m] Current nuclei-templates version: v10.3.6 ([92mlatest[0m)
[[34mINF[0m] New templates added in latest release: 176
[[34mINF[0m] Templates loaded for current scan: 5586
[[34mINF[0m] Executing 5585 signed templates from projectdiscovery/nuclei-templates
[[34mINF[0m] Targets loaded for current scan: 323
[[34mINF[0m] Templates clustered: 332 (Reduced 92055 Requests)
[[34mINF[0m] Using Interactsh Server: oast.me
[[34mINF[0m] Skipped kiteworks.arubanetworks.com:443 from target list as found unresponsive 6 times
